0.189 & 0.017 & 0.002 & 0.124 & 0.052\\

0.189 & 0.017 & 0.002 & 0.052\\

0.014

DATA:
Edge size: 0.107100000000000000755
Number of triangles in mesh: 2056
Number of points in mesh: 1095

AVERAGES: 
Average side length: 0.125
Average maximum triangle side ratio: 5.286
Average gravity center distance: 0.002
Average of mean of nieghbour points distance: 0.124
Average of standard deviation of nieghbour points distance: 0.052

MIN and MAX: 
Hausdorff distance - Max gc distance: 0.017
RATIOS:
Average gravity center distance to edge size: 0.016065199601174473565
Avg of mean of neighbour points distance to edge size: 1.1566174574487921336
Avg of std of nieghbour points distance to edge size: 0.48385985688638212006
Average edge size to wished edge size: 1.1657270213444929249
Max gravity center distance to edge size: 0.16086970650817302157
