0.500 & 0.955 & 0.015 & 1.241 & 0.072 & 0.161 & 0.775 & 0.954 & 0.111\\

0.016

DATA:
Edge size: 0.5
Number of triangles in mesh: 832
Number of points in mesh: 453

AVERAGES: 
Average side length: 0.477
Average maximum triangle side ratio: 1.241
Average gravity center distance: 0.008
Average of mean of nieghbour points distance: 0.477
Average of standard deviation of nieghbour points distance: 0.056

MIN and MAX: 
Hausdorff distance - Max gc distance: 0.036
Min neighbour triangles normals angle: 0.161
Max neighbour triangles normals angle: 0.775

RATIOS:
Average gravity center distance to edge size: 0.0154941073445104358225
Avg of mean of neighbour points distance to edge size: 0.95361420530946716667
Avg of std of nieghbour points distance to edge size: 0.11108391655829187583
Average edge size to wished edge size: 0.95488545104132427355
Max gravity center distance to edge size: 0.0720225480930425932
