0.500 & 0.733 & 0.009 & 11.684 & 0.135 & 0.664 & 0.296\\

0.013

DATA:
Edge size: 0.5
Number of triangles in mesh: 1752
Number of points in mesh: 1164

AVERAGES: 
Average side length: 0.367
Average maximum triangle side ratio: 11.684
Average gravity center distance: 0.005
Average of mean of nieghbour points distance: 0.332
Average of standard deviation of nieghbour points distance: 0.148

MIN and MAX: 
Hausdorff distance - Max gc distance: 0.067
RATIOS:
Average gravity center distance to edge size: 0.0092133117268895729085
Avg of mean of neighbour points distance to edge size: 0.66403864261287892656
Avg of std of nieghbour points distance to edge size: 0.29597664928199968193
Average edge size to wished edge size: 0.733098604055870684
Max gravity center distance to edge size: 0.13451806748712438755
