0.831 & 0.013 & 0.002 & 0.173 & 0.017\\

0.831 & 0.013 & 0.002 & 0.017\\

0.011

DATA:
Edge size: 0.17000000000000001221
Number of triangles in mesh: 1256
Number of points in mesh: 675

AVERAGES: 
Average side length: 0.175
Average maximum triangle side ratio: 1.204
Average gravity center distance: 0.002
Average of mean of nieghbour points distance: 0.173
Average of standard deviation of nieghbour points distance: 0.017

MIN and MAX: 
Hausdorff distance - Max gc distance: 0.013
RATIOS:
Average gravity center distance to edge size: 0.0112150064323102935226
Avg of mean of neighbour points distance to edge size: 1.017717527999446388
Avg of std of nieghbour points distance to edge size: 0.09874166116064453079
Average edge size to wished edge size: 1.0270717206184398351
Max gravity center distance to edge size: 0.07389354331972495673
