0.842 & 0.014 & 0.002 & 0.196 & 0.017\\

0.842 & 0.014 & 0.002 & 0.017\\

0.011

DATA:
Edge size: 0.20499999999999998779
Number of triangles in mesh: 1883
Number of points in mesh: 1010

AVERAGES: 
Average side length: 0.197
Average maximum triangle side ratio: 1.188
Average gravity center distance: 0.002
Average of mean of nieghbour points distance: 0.196
Average of standard deviation of nieghbour points distance: 0.017

MIN and MAX: 
Hausdorff distance - Max gc distance: 0.014
RATIOS:
Average gravity center distance to edge size: 0.0106292263070979786115
Avg of mean of neighbour points distance to edge size: 0.9563234873011654455
Avg of std of nieghbour points distance to edge size: 0.08180466351707924848
Average edge size to wished edge size: 0.96089308007408745304
Max gravity center distance to edge size: 0.06950151628019483317
